#
# There is insufficient memory for the Java Runtime Environment to continue.
# Native memory allocation (mmap) failed to map 150994944 bytes. Error detail: G1 virtual space
# Possible reasons:
#   The system is out of physical RAM or swap space
#   This process is running with CompressedOops enabled, and the Java Heap may be blocking the growth of the native heap
# Possible solutions:
#   Reduce memory load on the system
#   Increase physical memory or swap space
#   Check if swap backing store is full
#   Decrease Java heap size (-Xmx/-Xms)
#   Decrease number of Java threads
#   Decrease Java thread stack sizes (-Xss)
#   Set larger code cache with -XX:ReservedCodeCacheSize=
#   JVM is running with Zero Based Compressed Oops mode in which the Java heap is
#     placed in the first 32GB address space. The Java Heap base address is the
#     maximum limit for the native heap growth. Please use -XX:HeapBaseMinAddress
#     to set the Java Heap base and to place the Java Heap above 32GB virtual address.
# This output file may be truncated or incomplete.
#
#  Out of Memory Error (os_windows.cpp:3631), pid=12632, tid=768
#
# JRE version:  (22.0.2+9) (build )
# Java VM: Java HotSpot(TM) 64-Bit Server VM (22.0.2+9-70, mixed mode, sharing, tiered, compressed oops, compressed class ptrs, g1 gc, windows-amd64)
# No core dump will be written. Minidumps are not enabled by default on client versions of Windows
#

---------------  S U M M A R Y ------------

Command Line: -Dfile.encoding=UTF-8 -Dsun.jnu.encoding=UTF-8 -Dsun.stdout.encoding=UTF-8 -Dsun.stderr.encoding=UTF-8 -Dconsole.encoding=UTF-8 -Dfile.encoding=UTF-8 --module-path=N:\ConversorDeMoedas\ConversorDeMoedas\build\classes conversordemoedas.ConversorDeMoedas

Host: Intel(R) Core(TM) i3 CPU         560  @ 3.33GHz, 4 cores, 8G,  Windows 10 , 64 bit Build 19041 (10.0.19041.5198)
Time: Sun May 11 18:36:28 2025 Hora oficial do Brasil elapsed time: 0.047407 seconds (0d 0h 0m 0s)

---------------  T H R E A D  ---------------

Current thread (0x000001fc12cc08b0):  JavaThread "Unknown thread" [_thread_in_vm, id=768, stack(0x0000008076f00000,0x0000008077000000) (1024K)]

Stack: [0x0000008076f00000,0x0000008077000000]
Native frames: (J=compiled Java code, j=interpreted, Vv=VM code, C=native code)
V  [jvm.dll+0x6e26e9]  (no source info available)
V  [jvm.dll+0x875753]  (no source info available)
V  [jvm.dll+0x877b7e]  (no source info available)
V  [jvm.dll+0x878253]  (no source info available)
V  [jvm.dll+0x27fc86]  (no source info available)
V  [jvm.dll+0x6ded85]  (no source info available)
V  [jvm.dll+0x6d388a]  (no source info available)
V  [jvm.dll+0x358b8a]  (no source info available)
V  [jvm.dll+0x3610b6]  (no source info available)
V  [jvm.dll+0x3b419e]  (no source info available)
V  [jvm.dll+0x3b4448]  (no source info available)
V  [jvm.dll+0x32c5ec]  (no source info available)
V  [jvm.dll+0x32d258]  (no source info available)
V  [jvm.dll+0x83d5ac]  (no source info available)
V  [jvm.dll+0x3c10d1]  (no source info available)
V  [jvm.dll+0x8264cc]  (no source info available)
V  [jvm.dll+0x45bd5e]  (no source info available)
V  [jvm.dll+0x45dbe1]  (no source info available)
C  [jli.dll+0x52a3]  (no source info available)
C  [ucrtbase.dll+0x21bb2]  (no source info available)
C  [KERNEL32.DLL+0x17374]  (no source info available)
C  [ntdll.dll+0x4cc91]  (no source info available)


---------------  P R O C E S S  ---------------

Threads class SMR info:
_java_thread_list=0x00007ffd1d44c1c8, length=0, elements={
}

Java Threads: ( => current thread )
Total: 0

Other Threads:
  0x000001fc12d0a2a0 WorkerThread "GC Thread#0"                     [id=11048, stack(0x0000008077100000,0x0000008077200000) (1024K)]
  0x000001fc12d14260 ConcurrentGCThread "G1 Main Marker"            [id=15724, stack(0x0000008077200000,0x0000008077300000) (1024K)]
  0x000001fc12d14f20 WorkerThread "G1 Conc#0"                       [id=15488, stack(0x0000008077300000,0x0000008077400000) (1024K)]

[error occurred during error reporting (printing all threads), id 0xc0000005, EXCEPTION_ACCESS_VIOLATION (0xc0000005) at pc=0x00007ffd1cb9f517]
VM state: not at safepoint (not fully initialized)

VM Mutex/Monitor currently owned by a thread:  ([mutex/lock_event])
[0x00007ffd1d4ccc80] Heap_lock - owner thread: 0x000001fc12cc08b0

Heap address: 0x0000000770200000, size: 2302 MB, Compressed Oops mode: Zero based, Oop shift amount: 3

CDS archive(s) mapped at: [0x0000000000000000-0x0000000000000000-0x0000000000000000), size 0, SharedBaseAddress: 0x0000000800000000, ArchiveRelocationMode: 1.
Narrow klass base: 0x0000000000000000, Narrow klass shift: 0, Narrow klass range: 0x0

GC Precious Log:
 CardTable entry size: 512
 Card Set container configuration: InlinePtr #cards 4 size 8 Array Of Cards #cards 16 size 48 Howl #buckets 8 coarsen threshold 3686 Howl Bitmap #cards 512 size 80 coarsen threshold 460 Card regions per heap region 1 cards per card region 4096

Heap:
 garbage-first heap   total reserved 2357248K, committed 0K, used 0K [0x0000000770200000, 0x0000000800000000)
  region size 2048K, 0 young (0K), 0 survivors (0K)

[error occurred during error reporting (printing heap information), id 0xc0000005, EXCEPTION_ACCESS_VIOLATION (0xc0000005) at pc=0x00007ffd1cf9e869]
GC Heap History (0 events):
No events

Dll operation events (1 events):
Event: 0.032 Loaded shared library C:\Program Files\Java\jdk-22\bin\java.dll

Deoptimization events (0 events):
No events

Classes loaded (0 events):
No events

Classes unloaded (0 events):
No events

Classes redefined (0 events):
No events

Internal exceptions (0 events):
No events

ZGC Phase Switch (0 events):
No events

VM Operations (0 events):
No events

Memory protections (0 events):
No events

Nmethod flushes (0 events):
No events

Events (0 events):
No events


Dynamic libraries:
0x00007ff797da0000 - 0x00007ff797db0000 	C:\Program Files\Java\jdk-22\bin\java.exe
0x00007ffd5f130000 - 0x00007ffd5f328000 	C:\Windows\SYSTEM32\ntdll.dll
0x00007ffd5ef70000 - 0x00007ffd5f032000 	C:\Windows\System32\KERNEL32.DLL
0x00007ffd5c7c0000 - 0x00007ffd5cabf000 	C:\Windows\System32\KERNELBASE.dll
0x00007ffd5ccd0000 - 0x00007ffd5cdd0000 	C:\Windows\System32\ucrtbase.dll
0x00007ffd59270000 - 0x00007ffd59287000 	C:\Program Files\Java\jdk-22\bin\jli.dll
0x00007ffd5dc80000 - 0x00007ffd5de1d000 	C:\Windows\System32\USER32.dll
0x00007ffd5cb10000 - 0x00007ffd5cb32000 	C:\Windows\System32\win32u.dll
0x00007ffd5d210000 - 0x00007ffd5d23b000 	C:\Windows\System32\GDI32.dll
0x00007ffd5cf90000 - 0x00007ffd5d0a7000 	C:\Windows\System32\gdi32full.dll
0x00007ffd5ce40000 - 0x00007ffd5cedd000 	C:\Windows\System32\msvcp_win.dll
0x00007ffd1c840000 - 0x00007ffd1c85b000 	C:\Program Files\Java\jdk-22\bin\VCRUNTIME140.dll
0x00007ffd4dc60000 - 0x00007ffd4defa000 	C:\Windows\WinSxS\amd64_microsoft.windows.common-controls_6595b64144ccf1df_6.0.19041.4355_none_60b8b9eb71f62e16\COMCTL32.dll
0x00007ffd5f050000 - 0x00007ffd5f0ee000 	C:\Windows\System32\msvcrt.dll
0x00007ffd5e980000 - 0x00007ffd5e9af000 	C:\Windows\System32\IMM32.DLL
0x00007ffd1c830000 - 0x00007ffd1c83c000 	C:\Program Files\Java\jdk-22\bin\vcruntime140_1.dll
0x00007ffd31360000 - 0x00007ffd313ee000 	C:\Program Files\Java\jdk-22\bin\msvcp140.dll
0x00007ffd1c860000 - 0x00007ffd1d5a9000 	C:\Program Files\Java\jdk-22\bin\server\jvm.dll
0x00007ffd5da30000 - 0x00007ffd5dae1000 	C:\Windows\System32\ADVAPI32.dll
0x00007ffd5e9b0000 - 0x00007ffd5ea4f000 	C:\Windows\System32\sechost.dll
0x00007ffd5eb10000 - 0x00007ffd5ec33000 	C:\Windows\System32\RPCRT4.dll
0x00007ffd5cca0000 - 0x00007ffd5ccc7000 	C:\Windows\System32\bcrypt.dll
0x00007ffd5ee50000 - 0x00007ffd5eebb000 	C:\Windows\System32\WS2_32.dll
0x00007ffd5c620000 - 0x00007ffd5c66b000 	C:\Windows\SYSTEM32\POWRPROF.dll
0x00007ffd4ea70000 - 0x00007ffd4ea97000 	C:\Windows\SYSTEM32\WINMM.dll
0x00007ffd55c00000 - 0x00007ffd55c0a000 	C:\Windows\SYSTEM32\VERSION.dll
0x00007ffd5c600000 - 0x00007ffd5c612000 	C:\Windows\SYSTEM32\UMPDC.dll
0x00007ffd5a640000 - 0x00007ffd5a652000 	C:\Windows\SYSTEM32\kernel.appcore.dll
0x00007ffd1c7c0000 - 0x00007ffd1c7ca000 	C:\Program Files\Java\jdk-22\bin\jimage.dll
0x00007ffd50da0000 - 0x00007ffd50f84000 	C:\Windows\SYSTEM32\DBGHELP.DLL
0x00007ffd511e0000 - 0x00007ffd51214000 	C:\Windows\SYSTEM32\dbgcore.DLL
0x00007ffd5d0b0000 - 0x00007ffd5d132000 	C:\Windows\System32\bcryptPrimitives.dll
0x00007ffd1c7d0000 - 0x00007ffd1c7ee000 	C:\Program Files\Java\jdk-22\bin\java.dll
0x00007ffd5e060000 - 0x00007ffd5e7ce000 	C:\Windows\System32\SHELL32.dll
0x00007ffd5de20000 - 0x00007ffd5df4b000 	C:\Windows\System32\ole32.dll
0x00007ffd5d240000 - 0x00007ffd5d595000 	C:\Windows\System32\combase.dll

dbghelp: loaded successfully - version: 4.0.5 - missing functions: none
symbol engine: initialized successfully - sym options: 0x614 - pdb path: .;C:\Program Files\Java\jdk-22\bin;C:\Windows\SYSTEM32;C:\Windows\WinSxS\amd64_microsoft.windows.common-controls_6595b64144ccf1df_6.0.19041.4355_none_60b8b9eb71f62e16;C:\Program Files\Java\jdk-22\bin\server

VM Arguments:
jvm_args: -Dfile.encoding=UTF-8 -Dsun.jnu.encoding=UTF-8 -Dsun.stdout.encoding=UTF-8 -Dsun.stderr.encoding=UTF-8 -Dconsole.encoding=UTF-8 -Dfile.encoding=UTF-8 --module-path=N:\ConversorDeMoedas\ConversorDeMoedas\build\classes 
java_command: conversordemoedas.ConversorDeMoedas
java_class_path (initial): C:\Users\Ary\Downloads\gson-2.13.1.jar;N:\ConversorDeMoedas\ConversorDeMoedas\build\classes
Launcher Type: SUN_STANDARD

[Global flags]
     intx CICompilerCount                          = 3                                         {product} {ergonomic}
     uint ConcGCThreads                            = 1                                         {product} {ergonomic}
     uint G1ConcRefinementThreads                  = 4                                         {product} {ergonomic}
   size_t G1HeapRegionSize                         = 2097152                                   {product} {ergonomic}
   size_t InitialHeapSize                          = 150994944                                 {product} {ergonomic}
   size_t MarkStackSize                            = 4194304                                   {product} {ergonomic}
   size_t MaxHeapSize                              = 2413821952                                {product} {ergonomic}
   size_t MinHeapDeltaBytes                        = 2097152                                   {product} {ergonomic}
   size_t MinHeapSize                              = 8388608                                   {product} {ergonomic}
    uintx NonNMethodCodeHeapSize                   = 5832780                                {pd product} {ergonomic}
    uintx NonProfiledCodeHeapSize                  = 122912730                              {pd product} {ergonomic}
    uintx ProfiledCodeHeapSize                     = 122912730                              {pd product} {ergonomic}
    uintx ReservedCodeCacheSize                    = 251658240                              {pd product} {ergonomic}
     bool SegmentedCodeCache                       = true                                      {product} {ergonomic}
   size_t SoftMaxHeapSize                          = 2413821952                             {manageable} {ergonomic}
     bool UseCompressedOops                        = true                           {product lp64_product} {ergonomic}
     bool UseG1GC                                  = true                                      {product} {ergonomic}
     bool UseLargePagesIndividualAllocation        = false                                  {pd product} {ergonomic}

Logging:
Log output configuration:
 #0: stdout all=warning uptime,level,tags foldmultilines=false
 #1: stderr all=off uptime,level,tags foldmultilines=false

Environment Variables:
JAVA_HOME=E:\jdk-24
JAVA_TOOL_OPTIONS=-Dfile.encoding=UTF-8 -Dsun.jnu.encoding=UTF-8 -Dsun.stdout.encoding=UTF-8 -Dsun.stderr.encoding=UTF-8 -Dconsole.encoding=UTF-8
PATH=N:\flutter\bin;E:\Program Files (x86)\VMware\VMware Workstation\bin\;C:\Program Files (x86)\Common Files\Intel\Shared Libraries\redist\intel64\compiler;C:\Windows\system32;C:\Windows;C:\Windows\System32\Wbem;C:\Windows\System32\WindowsPowerShell\v1.0\;C:\Windows\System32\OpenSSH\;C:\Program Files\dotnet\;C:\Program Files\Microsoft SQL Server\Client SDK\ODBC\170\Tools\Binn\;C:\xampp\php;C:\composer;C:\Program Files (x86)\Microsoft SQL Server\160\Tools\Binn\;C:\Program Files\Microsoft SQL Server\160\Tools\Binn\;C:\Program Files\Microsoft SQL Server\160\DTS\Binn\;C:\Program Files\Azure Data Studio\bin;C:\Program Files\Microsoft SQL Server\110\Tools\Binn\;C:\Users\Ary\AppData\Local\Microsoft\WindowsApps;c:\mtl-multisync\Rewriters\_msrgallwinner.zip\;C:\Users\Ary\Downloads\PhoenixSuit_V1.09\;C:\Users\Ary\.dotnet\tools;C:\Users\Ary\AppData\Roaming\Composer\vendor\bin;E:\Program Files\Postg;E:\AndroidStudioSdk\platforms;E:\AndroidStudioSdk\tools;E:\AndroidStudioSdk\platform-tools;C:\Users\Ary\AppData\Roaming\nvm;C:\Program Files\nodejs;C:\ProgramData\chocolatey\bin;C:\Users\Ary\AppData\Local\Pub\Cache\bin;C:\Program Files\Microsoft SQL Server\150\Tools\Binn\;C:\Program Files (x86)\NVIDIA Corporation\PhysX\Common;E:\Program Files\Git\bin;F:\NodeJs\;N:\Program Files\Go\bin;D:\Windows Kits\10\Windows Performance Toolkit\;E:\GRADLE\bin;E:\jdk-24\bin;C:\Users\Ary\AppData\Local\Programs\Python\Python312\Scripts\;C:\Users\Ary\AppData\Local\Programs\Python\Python312\;E:\PhoenixSuit_V1.10\;C:\Users\Ary\AppData\Local\GitHubDesktop\bin;C:\Users\Ary\AppData\Roaming\nvm;C:\Program Files\nodejs;C:\Users\Ary\.dotnet\tools;C:\Program Files\PostgreSQL\9.5\bin;N:\Users\Ary\AppData\Local\Programs\Microsoft VS Code\bin;c:\mtl-multisync\Rewriters\_msrgallwinner.zip\;C:\Users\Ary\AppData\Roaming\npm;C:\Users\Ary\go\bin;N:\JetBrains\IntelliJ IDEA 2024.3.5\bin;;C:\Users\Ary\AppData\Local\JetBrains\Toolbox\scripts;
USERNAME=Ary
OS=Windows_NT
PROCESSOR_IDENTIFIER=Intel64 Family 6 Model 37 Stepping 5, GenuineIntel
TMP=E:\Temp
TEMP=E:\Temp




Periodic native trim disabled

---------------  S Y S T E M  ---------------

OS:
 Windows 10 , 64 bit Build 19041 (10.0.19041.5198)
OS uptime: 0 days 10:47 hours

CPU: total 4 (initial active 4) (2 cores per cpu, 2 threads per core) family 6 model 37 stepping 5 microcode 0x7, cx8, cmov, fxsr, ht, mmx, sse, sse2, sse3, ssse3, sse4.1, sse4.2, popcnt, tsc, tscinvbit, clflush, rdtscp
Processor Information for all 4 processors :
  Max Mhz: 3333, Current Mhz: 3333, Mhz Limit: 3333

Memory: 4k page, system-wide physical 9207M (2447M free)
TotalPageFile size 12328M (AvailPageFile size 95M)
current process WorkingSet (physical memory assigned to process): 11M, peak: 11M
current process commit charge ("private bytes"): 52M, peak: 195M

vm_info: Java HotSpot(TM) 64-Bit Server VM (22.0.2+9-70) for windows-amd64 JRE (22.0.2+9-70), built on 2024-06-04T16:52:23Z by "mach5one" with MS VC++ 17.6 (VS2022)

END.
